<?xml version="1.0" encoding="UTF-8"?>
<!-- Generated by org.testng.reporters.JUnitReportReporter -->
<testsuite skipped="0" hostname="DESKTOP-N7D0L45" name="testCases.Testcase1" tests="1" failures="0" timestamp="08 Feb 2018 02:11:46 GMT" time="15.780" errors="0">
  <testcase name="launchApp" time="15.780" classname="testCases.Testcase1"/>
</testsuite> <!-- testCases.Testcase1 -->
